  Core.cpp
C:\Program Files\Microsoft Visual Studio\2022\Community\VC\Tools\MSVC\14.41.34120\include\intrin.h(250,1): error C2732: linkage specification contradicts earlier specification for '__rdtsc'
  (compiling source file 'Core.cpp')
      C:\Program Files\Microsoft Visual Studio\2022\Community\VC\Tools\MSVC\14.41.34120\include\intrin.h(250,1):
      see declaration of '__rdtsc'
  
G:\VS_PROJECTS\UT2004src\UT2004_3369\Core\Inc\UnFile.h(597,14): warning C4595: 'operator new': non-member operator new or delete functions may not be declared inline
  (compiling source file 'Core.cpp')
  
G:\VS_PROJECTS\UT2004src\UT2004_3369\Core\Inc\UnFile.h(601,9): error C2664: 'void *FMalloc::Malloc(size_t,const TCHAR *)': cannot convert argument 2 from 'const wchar_t [4]' to 'const TCHAR *'
  (compiling source file 'Core.cpp')
      G:\VS_PROJECTS\UT2004src\UT2004_3369\Core\Inc\UnFile.h(601,34):
      Types pointed to are unrelated; conversion requires reinterpret_cast, C-style cast or parenthesized function-style cast
      G:\VS_PROJECTS\UT2004src\UT2004_3369\Core\Inc\Core.h(346,16):
      see declaration of 'FMalloc::Malloc'
      G:\VS_PROJECTS\UT2004src\UT2004_3369\Core\Inc\UnFile.h(601,9):
      while trying to match the argument list '(DWORD, const wchar_t [4])'
  
G:\VS_PROJECTS\UT2004src\UT2004_3369\Core\Inc\UnFile.h(604,13): warning C4595: 'operator delete': non-member operator new or delete functions may not be declared inline
  (compiling source file 'Core.cpp')
  
G:\VS_PROJECTS\UT2004src\UT2004_3369\Core\Inc\UnFile.h(619,14): warning C4595: 'operator new[]': non-member operator new or delete functions may not be declared inline
  (compiling source file 'Core.cpp')
  
G:\VS_PROJECTS\UT2004src\UT2004_3369\Core\Inc\UnFile.h(623,9): error C2664: 'void *FMalloc::Malloc(size_t,const TCHAR *)': cannot convert argument 2 from 'const wchar_t [4]' to 'const TCHAR *'
  (compiling source file 'Core.cpp')
      G:\VS_PROJECTS\UT2004src\UT2004_3369\Core\Inc\UnFile.h(623,34):
      Types pointed to are unrelated; conversion requires reinterpret_cast, C-style cast or parenthesized function-style cast
      G:\VS_PROJECTS\UT2004src\UT2004_3369\Core\Inc\Core.h(346,16):
      see declaration of 'FMalloc::Malloc'
      G:\VS_PROJECTS\UT2004src\UT2004_3369\Core\Inc\UnFile.h(623,9):
      while trying to match the argument list '(DWORD, const wchar_t [4])'
  
G:\VS_PROJECTS\UT2004src\UT2004_3369\Core\Inc\UnFile.h(626,13): warning C4595: 'operator delete[]': non-member operator new or delete functions may not be declared inline
  (compiling source file 'Core.cpp')
  
G:\VS_PROJECTS\UT2004src\UT2004_3369\Core\Inc\UnTemplate.h(1227,32): error C2446: ':': no conversion from 'const wchar_t [1]' to 'const T *'
G:\VS_PROJECTS\UT2004src\UT2004_3369\Core\Inc\UnTemplate.h(1227,32): error C2446:         with
G:\VS_PROJECTS\UT2004src\UT2004_3369\Core\Inc\UnTemplate.h(1227,32): error C2446:         [
G:\VS_PROJECTS\UT2004src\UT2004_3369\Core\Inc\UnTemplate.h(1227,32): error C2446:             T=TCHAR
G:\VS_PROJECTS\UT2004src\UT2004_3369\Core\Inc\UnTemplate.h(1227,32): error C2446:         ]
  (compiling source file 'Core.cpp')
      G:\VS_PROJECTS\UT2004src\UT2004_3369\Core\Inc\UnTemplate.h(1227,32):
      Types pointed to are unrelated; conversion requires reinterpret_cast, C-style cast or parenthesized function-style cast
  
G:\VS_PROJECTS\UT2004src\UT2004_3369\Core\Inc\UnTemplate.h(1272,4): error C2679: binary '+=': no operator found which takes a right-hand operand of type 'const wchar_t [2]' (or there is no acceptable conversion)
  (compiling source file 'Core.cpp')
      G:\VS_PROJECTS\UT2004src\UT2004_3369\Core\Inc\UnTemplate.h(1257,11):
      could be 'FString &FString::operator +=(const FString &)'
          G:\VS_PROJECTS\UT2004src\UT2004_3369\Core\Inc\UnTemplate.h(1272,4):
          'FString &FString::operator +=(const FString &)': cannot convert argument 2 from 'const wchar_t [2]' to 'const FString &'
              G:\VS_PROJECTS\UT2004src\UT2004_3369\Core\Inc\UnTemplate.h(1272,13):
              Reason: cannot convert from 'const wchar_t [2]' to 'const FString'
              G:\VS_PROJECTS\UT2004src\UT2004_3369\Core\Inc\UnTemplate.h(1272,13):
              'FString::FString': no overloaded function could convert all the argument types
                  G:\VS_PROJECTS\UT2004src\UT2004_3369\Core\Inc\UnTemplate.h(1139,2):
                  could be 'FString::FString(const FString &)'
                      G:\VS_PROJECTS\UT2004src\UT2004_3369\Core\Inc\UnTemplate.h(1272,13):
                      'FString::FString(const FString &)': cannot convert argument 1 from 'const wchar_t [2]' to 'const FString &'
                          G:\VS_PROJECTS\UT2004src\UT2004_3369\Core\Inc\UnTemplate.h(1272,13):
                          Reason: cannot convert from 'const wchar_t [2]' to 'const FString'
                          G:\VS_PROJECTS\UT2004src\UT2004_3369\Core\Inc\UnTemplate.h(1272,13):
                          Conversion requires a second user-defined-conversion operator or constructor
                  G:\VS_PROJECTS\UT2004src\UT2004_3369\Core\Inc\UnTemplate.h(1159,2):
                  or       'FString::FString(ENoInit)'
                      G:\VS_PROJECTS\UT2004src\UT2004_3369\Core\Inc\UnTemplate.h(1272,13):
                      'FString::FString(ENoInit)': cannot convert argument 1 from 'const wchar_t [2]' to 'ENoInit'
                          G:\VS_PROJECTS\UT2004src\UT2004_3369\Core\Inc\UnTemplate.h(1272,13):
                          There is no context in which this conversion is possible
                  G:\VS_PROJECTS\UT2004src\UT2004_3369\Core\Inc\UnTemplate.h(1152,2):
                  or       'FString::FString(const ANSICHAR *)'
                      G:\VS_PROJECTS\UT2004src\UT2004_3369\Core\Inc\UnTemplate.h(1272,13):
                      'FString::FString(const ANSICHAR *)': cannot convert argument 1 from 'const wchar_t [2]' to 'const ANSICHAR *'
                          G:\VS_PROJECTS\UT2004src\UT2004_3369\Core\Inc\UnTemplate.h(1272,13):
                          Types pointed to are unrelated; conversion requires reinterpret_cast, C-style cast or parenthesized function-style cast
                  G:\VS_PROJECTS\UT2004src\UT2004_3369\Core\Inc\UnTemplate.h(1145,2):
                  or       'FString::FString(const TCHAR *)'
                      G:\VS_PROJECTS\UT2004src\UT2004_3369\Core\Inc\UnTemplate.h(1272,13):
                      'FString::FString(const TCHAR *)': cannot convert argument 1 from 'const wchar_t [2]' to 'const TCHAR *'
                          G:\VS_PROJECTS\UT2004src\UT2004_3369\Core\Inc\UnTemplate.h(1272,13):
                          Types pointed to are unrelated; conversion requires reinterpret_cast, C-style cast or parenthesized function-style cast
                  G:\VS_PROJECTS\UT2004src\UT2004_3369\Core\Inc\UnTemplate.h(1272,13):
                  while trying to match the argument list '(const wchar_t [2])'
      G:\VS_PROJECTS\UT2004src\UT2004_3369\Core\Inc\UnTemplate.h(1239,11):
      or       'FString &FString::operator +=(const TCHAR *)'
          G:\VS_PROJECTS\UT2004src\UT2004_3369\Core\Inc\UnTemplate.h(1272,4):
          'FString &FString::operator +=(const TCHAR *)': cannot convert argument 2 from 'const wchar_t [2]' to 'const TCHAR *'
              G:\VS_PROJECTS\UT2004src\UT2004_3369\Core\Inc\UnTemplate.h(1272,13):
              Types pointed to are unrelated; conversion requires reinterpret_cast, C-style cast or parenthesized function-style cast
      G:\VS_PROJECTS\UT2004src\UT2004_3369\Core\Inc\UnTemplate.h(1272,4):
      while trying to match the argument list '(FString, const wchar_t [2])'
  
G:\VS_PROJECTS\UT2004src\UT2004_3369\Core\Inc\UnTemplate.h(1418,20): error C2664: 'FString FString::Printf(const TCHAR *,...)': cannot convert argument 1 from 'const wchar_t [7]' to 'const TCHAR *'
  (compiling source file 'Core.cpp')
      G:\VS_PROJECTS\UT2004src\UT2004_3369\Core\Inc\UnTemplate.h(1418,27):
      Types pointed to are unrelated; conversion requires reinterpret_cast, C-style cast or parenthesized function-style cast
      G:\VS_PROJECTS\UT2004src\UT2004_3369\Core\Inc\UnTemplate.h(1452,17):
      see declaration of 'FString::Printf'
      G:\VS_PROJECTS\UT2004src\UT2004_3369\Core\Inc\UnTemplate.h(1418,20):
      while trying to match the argument list '(const wchar_t [7], const TCHAR *, const TCHAR *, const TCHAR *)'
  
G:\VS_PROJECTS\UT2004src\UT2004_3369\Core\Inc\UnTemplate.h(1424,3): error C2440: 'initializing': cannot convert from 'const wchar_t [18]' to 'const TCHAR []'
  (compiling source file 'Core.cpp')
      G:\VS_PROJECTS\UT2004src\UT2004_3369\Core\Inc\UnTemplate.h(1424,3):
      There is no context in which this conversion is possible
  
G:\VS_PROJECTS\UT2004src\UT2004_3369\Core\Inc\UnTemplate.h(1428,17): error C2440: 'initializing': cannot convert from 'const wchar_t [17]' to 'FString'
  (compiling source file 'Core.cpp')
      G:\VS_PROJECTS\UT2004src\UT2004_3369\Core\Inc\UnTemplate.h(1428,17):
      'FString::FString': no overloaded function could convert all the argument types
          G:\VS_PROJECTS\UT2004src\UT2004_3369\Core\Inc\UnTemplate.h(1139,2):
          could be 'FString::FString(const FString &)'
              G:\VS_PROJECTS\UT2004src\UT2004_3369\Core\Inc\UnTemplate.h(1428,17):
              'FString::FString(const FString &)': cannot convert argument 1 from 'const wchar_t [17]' to 'const FString &'
                  G:\VS_PROJECTS\UT2004src\UT2004_3369\Core\Inc\UnTemplate.h(1428,19):
                  Reason: cannot convert from 'const wchar_t [17]' to 'const FString'
          G:\VS_PROJECTS\UT2004src\UT2004_3369\Core\Inc\UnTemplate.h(1159,2):
          or       'FString::FString(ENoInit)'
              G:\VS_PROJECTS\UT2004src\UT2004_3369\Core\Inc\UnTemplate.h(1428,17):
              'FString::FString(ENoInit)': cannot convert argument 1 from 'const wchar_t [17]' to 'ENoInit'
                  G:\VS_PROJECTS\UT2004src\UT2004_3369\Core\Inc\UnTemplate.h(1428,19):
                  There is no context in which this conversion is possible
          G:\VS_PROJECTS\UT2004src\UT2004_3369\Core\Inc\UnTemplate.h(1152,2):
          or       'FString::FString(const ANSICHAR *)'
              G:\VS_PROJECTS\UT2004src\UT2004_3369\Core\Inc\UnTemplate.h(1428,17):
              'FString::FString(const ANSICHAR *)': cannot convert argument 1 from 'const wchar_t [17]' to 'const ANSICHAR *'
                  G:\VS_PROJECTS\UT2004src\UT2004_3369\Core\Inc\UnTemplate.h(1428,19):
                  Types pointed to are unrelated; conversion requires reinterpret_cast, C-style cast or parenthesized function-style cast
          G:\VS_PROJECTS\UT2004src\UT2004_3369\Core\Inc\UnTemplate.h(1145,2):
          or       'FString::FString(const TCHAR *)'
              G:\VS_PROJECTS\UT2004src\UT2004_3369\Core\Inc\UnTemplate.h(1428,17):
              'FString::FString(const TCHAR *)': cannot convert argument 1 from 'const wchar_t [17]' to 'const TCHAR *'
                  G:\VS_PROJECTS\UT2004src\UT2004_3369\Core\Inc\UnTemplate.h(1428,19):
                  Types pointed to are unrelated; conversion requires reinterpret_cast, C-style cast or parenthesized function-style cast
          G:\VS_PROJECTS\UT2004src\UT2004_3369\Core\Inc\UnTemplate.h(1428,17):
          while trying to match the argument list '(const wchar_t [17])'
  
G:\VS_PROJECTS\UT2004src\UT2004_3369\Core\Inc\UnTemplate.h(1459,3): error C2440: 'initializing': cannot convert from 'const wchar_t [24]' to 'const TCHAR []'
  (compiling source file 'Core.cpp')
      G:\VS_PROJECTS\UT2004src\UT2004_3369\Core\Inc\UnTemplate.h(1459,3):
      There is no context in which this conversion is possible
  
G:\VS_PROJECTS\UT2004src\UT2004_3369\Core\Inc\UnTemplate.h(1479,3): error C2440: 'initializing': cannot convert from 'const wchar_t [17]' to 'const TCHAR []'
  (compiling source file 'Core.cpp')
      G:\VS_PROJECTS\UT2004src\UT2004_3369\Core\Inc\UnTemplate.h(1479,3):
      There is no context in which this conversion is possible
  
G:\VS_PROJECTS\UT2004src\UT2004_3369\Core\Inc\UnTemplate.h(1501,5): error C2679: binary '+=': no operator found which takes a right-hand operand of type 'const wchar_t [2]' (or there is no acceptable conversion)
  (compiling source file 'Core.cpp')
      G:\VS_PROJECTS\UT2004src\UT2004_3369\Core\Inc\UnTemplate.h(1257,11):
      could be 'FString &FString::operator +=(const FString &)'
          G:\VS_PROJECTS\UT2004src\UT2004_3369\Core\Inc\UnTemplate.h(1501,5):
          'FString &FString::operator +=(const FString &)': cannot convert argument 2 from 'const wchar_t [2]' to 'const FString &'
              G:\VS_PROJECTS\UT2004src\UT2004_3369\Core\Inc\UnTemplate.h(1501,15):
              Reason: cannot convert from 'const wchar_t [2]' to 'const FString'
              G:\VS_PROJECTS\UT2004src\UT2004_3369\Core\Inc\UnTemplate.h(1501,15):
              'FString::FString': no overloaded function could convert all the argument types
                  G:\VS_PROJECTS\UT2004src\UT2004_3369\Core\Inc\UnTemplate.h(1139,2):
                  could be 'FString::FString(const FString &)'
                      G:\VS_PROJECTS\UT2004src\UT2004_3369\Core\Inc\UnTemplate.h(1501,15):
                      'FString::FString(const FString &)': cannot convert argument 1 from 'const wchar_t [2]' to 'const FString &'
                          G:\VS_PROJECTS\UT2004src\UT2004_3369\Core\Inc\UnTemplate.h(1501,15):
                          Reason: cannot convert from 'const wchar_t [2]' to 'const FString'
                          G:\VS_PROJECTS\UT2004src\UT2004_3369\Core\Inc\UnTemplate.h(1501,15):
                          Conversion requires a second user-defined-conversion operator or constructor
                  G:\VS_PROJECTS\UT2004src\UT2004_3369\Core\Inc\UnTemplate.h(1159,2):
                  or       'FString::FString(ENoInit)'
                      G:\VS_PROJECTS\UT2004src\UT2004_3369\Core\Inc\UnTemplate.h(1501,15):
                      'FString::FString(ENoInit)': cannot convert argument 1 from 'const wchar_t [2]' to 'ENoInit'
                          G:\VS_PROJECTS\UT2004src\UT2004_3369\Core\Inc\UnTemplate.h(1501,15):
                          There is no context in which this conversion is possible
                  G:\VS_PROJECTS\UT2004src\UT2004_3369\Core\Inc\UnTemplate.h(1152,2):
                  or       'FString::FString(const ANSICHAR *)'
                      G:\VS_PROJECTS\UT2004src\UT2004_3369\Core\Inc\UnTemplate.h(1501,15):
                      'FString::FString(const ANSICHAR *)': cannot convert argument 1 from 'const wchar_t [2]' to 'const ANSICHAR *'
                          G:\VS_PROJECTS\UT2004src\UT2004_3369\Core\Inc\UnTemplate.h(1501,15):
                          Types pointed to are unrelated; conversion requires reinterpret_cast, C-style cast or parenthesized function-style cast
                  G:\VS_PROJECTS\UT2004src\UT2004_3369\Core\Inc\UnTemplate.h(1145,2):
                  or       'FString::FString(const TCHAR *)'
                      G:\VS_PROJECTS\UT2004src\UT2004_3369\Core\Inc\UnTemplate.h(1501,15):
                      'FString::FString(const TCHAR *)': cannot convert argument 1 from 'const wchar_t [2]' to 'const TCHAR *'
                          G:\VS_PROJECTS\UT2004src\UT2004_3369\Core\Inc\UnTemplate.h(1501,15):
                          Types pointed to are unrelated; conversion requires reinterpret_cast, C-style cast or parenthesized function-style cast
                  G:\VS_PROJECTS\UT2004src\UT2004_3369\Core\Inc\UnTemplate.h(1501,15):
                  while trying to match the argument list '(const wchar_t [2])'
      G:\VS_PROJECTS\UT2004src\UT2004_3369\Core\Inc\UnTemplate.h(1239,11):
      or       'FString &FString::operator +=(const TCHAR *)'
          G:\VS_PROJECTS\UT2004src\UT2004_3369\Core\Inc\UnTemplate.h(1501,5):
          'FString &FString::operator +=(const TCHAR *)': cannot convert argument 2 from 'const wchar_t [2]' to 'const TCHAR *'
              G:\VS_PROJECTS\UT2004src\UT2004_3369\Core\Inc\UnTemplate.h(1501,15):
              Types pointed to are unrelated; conversion requires reinterpret_cast, C-style cast or parenthesized function-style cast
      G:\VS_PROJECTS\UT2004src\UT2004_3369\Core\Inc\UnTemplate.h(1501,5):
      while trying to match the argument list '(FString, const wchar_t [2])'
  
G:\VS_PROJECTS\UT2004src\UT2004_3369\Core\Inc\UnTemplate.h(1575,21): error C2440: 'default argument': cannot convert from 'const wchar_t [1]' to 'const TCHAR *'
  (compiling source file 'Core.cpp')
      G:\VS_PROJECTS\UT2004src\UT2004_3369\Core\Inc\UnTemplate.h(1575,21):
      Types pointed to are unrelated; conversion requires reinterpret_cast, C-style cast or parenthesized function-style cast
  
G:\VS_PROJECTS\UT2004src\UT2004_3369\Core\Inc\UnTemplate.h(1578,31): warning C4458: declaration of 'Data' hides class member
  (compiling source file 'Core.cpp')
      G:\VS_PROJECTS\UT2004src\UT2004_3369\Core\Inc\UnTemplate.h(384,8):
      see declaration of 'FArray::Data'
  
G:\VS_PROJECTS\UT2004src\UT2004_3369\Core\Inc\UnName.h(133,71): error C2446: ':': no conversion from 'const wchar_t [14]' to 'TCHAR [64]'
  (compiling source file 'Core.cpp')
      G:\VS_PROJECTS\UT2004src\UT2004_3369\Core\Inc\UnName.h(133,71):
      Types pointed to are unrelated; conversion requires reinterpret_cast, C-style cast or parenthesized function-style cast
  
G:\VS_PROJECTS\UT2004src\UT2004_3369\Core\Inc\UnObjBas.h(251,3): error C2440: 'initializing': cannot convert from 'const wchar_t [8]' to 'const TCHAR []'
  (compiling source file 'Core.cpp')
      G:\VS_PROJECTS\UT2004src\UT2004_3369\Core\Inc\UnObjBas.h(251,3):
      There is no context in which this conversion is possible
  
G:\VS_PROJECTS\UT2004src\UT2004_3369\Core\Inc\UnObjBas.h(258,3): error C2664: 'INT appSprintf(TCHAR *,const TCHAR *,...)': cannot convert argument 2 from 'const wchar_t [17]' to 'const TCHAR *'
  (compiling source file 'Core.cpp')
      G:\VS_PROJECTS\UT2004src\UT2004_3369\Core\Inc\UnObjBas.h(258,23):
      Types pointed to are unrelated; conversion requires reinterpret_cast, C-style cast or parenthesized function-style cast
      G:\VS_PROJECTS\UT2004src\UT2004_3369\Core\Inc\UnFile.h(460,14):
      see declaration of 'appSprintf'
      G:\VS_PROJECTS\UT2004src\UT2004_3369\Core\Inc\UnObjBas.h(258,3):
      while trying to match the argument list '(TCHAR *, const wchar_t [17], const DWORD, const DWORD, const DWORD, const DWORD)'
  
G:\VS_PROJECTS\UT2004src\UT2004_3369\Core\Inc\UnObjBas.h(586,49): error C2440: 'return': cannot convert from 'const wchar_t [7]' to 'const TCHAR *'
  (compiling source file 'Core.cpp')
      G:\VS_PROJECTS\UT2004src\UT2004_3369\Core\Inc\UnObjBas.h(586,49):
      Types pointed to are unrelated; conversion requires reinterpret_cast, C-style cast or parenthesized function-style cast
  
G:\VS_PROJECTS\UT2004src\UT2004_3369\Core\Inc\UnObjBas.h(666,4): error C2440: 'initializing': cannot convert from 'const wchar_t [25]' to 'const TCHAR []'
  (compiling source file 'Core.cpp')
      G:\VS_PROJECTS\UT2004src\UT2004_3369\Core\Inc\UnObjBas.h(666,4):
      There is no context in which this conversion is possible
  
G:\VS_PROJECTS\UT2004src\UT2004_3369\Core\Inc\UnCorObj.h(120,13): error C2440: 'default argument': cannot convert from 'const wchar_t [1]' to 'const TCHAR *'
  (compiling source file 'Core.cpp')
      G:\VS_PROJECTS\UT2004src\UT2004_3369\Core\Inc\UnCorObj.h(120,13):
      Types pointed to are unrelated; conversion requires reinterpret_cast, C-style cast or parenthesized function-style cast
  
G:\VS_PROJECTS\UT2004src\UT2004_3369\Core\Inc\UnClass.h(335,3): error C2664: 'INT appSprintf(TCHAR *,const TCHAR *,...)': cannot convert argument 2 from 'const wchar_t [4]' to 'const TCHAR *'
  (compiling source file 'Core.cpp')
      G:\VS_PROJECTS\UT2004src\UT2004_3369\Core\Inc\UnClass.h(335,23):
      Types pointed to are unrelated; conversion requires reinterpret_cast, C-style cast or parenthesized function-style cast
      G:\VS_PROJECTS\UT2004src\UT2004_3369\Core\Inc\UnFile.h(460,14):
      see declaration of 'appSprintf'
      G:\VS_PROJECTS\UT2004src\UT2004_3369\Core\Inc\UnClass.h(335,3):
      while trying to match the argument list '(TCHAR *, const wchar_t [4], const TCHAR *)'
  
G:\VS_PROJECTS\UT2004src\UT2004_3369\Core\Inc\UnClass.h(538,8): error C2664: 'INT appStricmp(const TCHAR *,const TCHAR *)': cannot convert argument 2 from 'const wchar_t [6]' to 'const TCHAR *'
  (compiling source file 'Core.cpp')
      G:\VS_PROJECTS\UT2004src\UT2004_3369\Core\Inc\UnClass.h(538,32):
      Types pointed to are unrelated; conversion requires reinterpret_cast, C-style cast or parenthesized function-style cast
      G:\VS_PROJECTS\UT2004src\UT2004_3369\Core\Inc\UnFile.h(441,14):
      see declaration of 'appStricmp'
      G:\VS_PROJECTS\UT2004src\UT2004_3369\Core\Inc\UnClass.h(538,8):
      while trying to match the argument list '(const TCHAR *, const wchar_t [6])'
  
G:\VS_PROJECTS\UT2004src\UT2004_3369\Core\Inc\UnClass.h(540,3): error C2664: 'INT appSprintf(TCHAR *,const TCHAR *,...)': cannot convert argument 2 from 'const wchar_t [5]' to 'const TCHAR *'
  (compiling source file 'Core.cpp')
      G:\VS_PROJECTS\UT2004src\UT2004_3369\Core\Inc\UnClass.h(540,23):
      Types pointed to are unrelated; conversion requires reinterpret_cast, C-style cast or parenthesized function-style cast
      G:\VS_PROJECTS\UT2004src\UT2004_3369\Core\Inc\UnFile.h(460,14):
      see declaration of 'appSprintf'
      G:\VS_PROJECTS\UT2004src\UT2004_3369\Core\Inc\UnClass.h(540,3):
      while trying to match the argument list '(TCHAR *, const wchar_t [5], const wchar_t *, const TCHAR *)'
  
G:\VS_PROJECTS\UT2004src\UT2004_3369\Core\Inc\UnClass.h(548,3): error C2440: 'initializing': cannot convert from 'const wchar_t [22]' to 'const TCHAR []'
  (compiling source file 'Core.cpp')
      G:\VS_PROJECTS\UT2004src\UT2004_3369\Core\Inc\UnClass.h(548,3):
      There is no context in which this conversion is possible
  
G:\VS_PROJECTS\UT2004src\UT2004_3369\Core\Inc\UnScript.h(212,38): error C2446: ':': no conversion from 'const wchar_t [5]' to 'const TCHAR *'
  (compiling source file 'Core.cpp')
      G:\VS_PROJECTS\UT2004src\UT2004_3369\Core\Inc\UnScript.h(212,38):
      Types pointed to are unrelated; conversion requires reinterpret_cast, C-style cast or parenthesized function-style cast
  
G:\VS_PROJECTS\UT2004src\UT2004_3369\Core\Inc\UFactory.h(49,134): error C2440: 'default argument': cannot convert from 'const wchar_t [1]' to 'const TCHAR *'
  (compiling source file 'Core.cpp')
      G:\VS_PROJECTS\UT2004src\UT2004_3369\Core\Inc\UFactory.h(49,134):
      Types pointed to are unrelated; conversion requires reinterpret_cast, C-style cast or parenthesized function-style cast
  
G:\VS_PROJECTS\UT2004src\UT2004_3369\Core\Inc\UFactory.h(44,63): warning C4458: declaration of 'Class' hides class member
  (compiling source file 'Core.cpp')
      G:\VS_PROJECTS\UT2004src\UT2004_3369\Core\Inc\UnObjBas.h(613,14):
      see declaration of 'UObject::Class'
  
G:\VS_PROJECTS\UT2004src\UT2004_3369\Core\Inc\UFactory.h(44,95): warning C4458: declaration of 'Name' hides class member
  (compiling source file 'Core.cpp')
      G:\VS_PROJECTS\UT2004src\UT2004_3369\Core\Inc\UnObjBas.h(612,12):
      see declaration of 'UObject::Name'
  
G:\VS_PROJECTS\UT2004src\UT2004_3369\Core\Inc\UFactory.h(45,48): warning C4458: declaration of 'Class' hides class member
  (compiling source file 'Core.cpp')
      G:\VS_PROJECTS\UT2004src\UT2004_3369\Core\Inc\UnObjBas.h(613,14):
      see declaration of 'UObject::Class'
  
G:\VS_PROJECTS\UT2004src\UT2004_3369\Core\Inc\UFactory.h(45,80): warning C4458: declaration of 'Name' hides class member
  (compiling source file 'Core.cpp')
      G:\VS_PROJECTS\UT2004src\UT2004_3369\Core\Inc\UnObjBas.h(612,12):
      see declaration of 'UObject::Name'
  
G:\VS_PROJECTS\UT2004src\UT2004_3369\Core\Inc\UFactory.h(46,45): warning C4458: declaration of 'Class' hides class member
  (compiling source file 'Core.cpp')
      G:\VS_PROJECTS\UT2004src\UT2004_3369\Core\Inc\UnObjBas.h(613,14):
      see declaration of 'UObject::Class'
  
G:\VS_PROJECTS\UT2004src\UT2004_3369\Core\Inc\UFactory.h(46,77): warning C4458: declaration of 'Name' hides class member
  (compiling source file 'Core.cpp')
      G:\VS_PROJECTS\UT2004src\UT2004_3369\Core\Inc\UnObjBas.h(612,12):
      see declaration of 'UObject::Name'
  
G:\VS_PROJECTS\UT2004src\UT2004_3369\Core\Inc\UnCache.h(173,3): error C2665: 'FOutputDevice::Logf': no overloaded function could convert all the argument types
  (compiling source file 'Core.cpp')
      G:\VS_PROJECTS\UT2004src\UT2004_3369\Core\Inc\Core.h(331,7):
      could be 'void FOutputDevice::Logf(const TCHAR *,...)'
          G:\VS_PROJECTS\UT2004src\UT2004_3369\Core\Inc\UnCache.h(173,3):
          'void FOutputDevice::Logf(const TCHAR *,...)': cannot convert argument 1 from 'const wchar_t [14]' to 'const TCHAR *'
              G:\VS_PROJECTS\UT2004src\UT2004_3369\Core\Inc\UnCache.h(173,14):
              Types pointed to are unrelated; conversion requires reinterpret_cast, C-style cast or parenthesized function-style cast
      G:\VS_PROJECTS\UT2004src\UT2004_3369\Core\Inc\UnCache.h(173,3):
      while trying to match the argument list '(const wchar_t [14])'
  
G:\VS_PROJECTS\UT2004src\UT2004_3369\Core\Inc\UnMath.h(1436,3): error C2440: 'initializing': cannot convert from 'const wchar_t [16]' to 'const TCHAR []'
  (compiling source file 'Core.cpp')
      G:\VS_PROJECTS\UT2004src\UT2004_3369\Core\Inc\UnMath.h(1436,3):
      There is no context in which this conversion is possible
  
G:\VS_PROJECTS\UT2004src\UT2004_3369\Core\Inc\UnMath.h(1442,3): error C2440: 'initializing': cannot convert from 'const wchar_t [16]' to 'const TCHAR []'
  (compiling source file 'Core.cpp')
      G:\VS_PROJECTS\UT2004src\UT2004_3369\Core\Inc\UnMath.h(1442,3):
      There is no context in which this conversion is possible
  
G:\VS_PROJECTS\UT2004src\UT2004_3369\Core\Inc\UnMath.h(2914,2): error C2440: 'initializing': cannot convert from 'const wchar_t [20]' to 'const TCHAR []'
  (compiling source file 'Core.cpp')
      G:\VS_PROJECTS\UT2004src\UT2004_3369\Core\Inc\UnMath.h(2914,2):
      There is no context in which this conversion is possible
  
G:\VS_PROJECTS\UT2004src\UT2004_3369\Core\Inc\UnMath.h(2971,2): error C2440: 'initializing': cannot convert from 'const wchar_t [25]' to 'const TCHAR []'
  (compiling source file 'Core.cpp')
      G:\VS_PROJECTS\UT2004src\UT2004_3369\Core\Inc\UnMath.h(2971,2):
      There is no context in which this conversion is possible
  
G:\VS_PROJECTS\UT2004src\UT2004_3369\Core\Inc\UnMath.h(3192,2): error C2440: 'initializing': cannot convert from 'const wchar_t [18]' to 'const TCHAR []'
  (compiling source file 'Core.cpp')
      G:\VS_PROJECTS\UT2004src\UT2004_3369\Core\Inc\UnMath.h(3192,2):
      There is no context in which this conversion is possible
  
G:\VS_PROJECTS\UT2004src\UT2004_3369\Core\Inc\UnMath.h(3217,2): error C2440: 'initializing': cannot convert from 'const wchar_t [18]' to 'const TCHAR []'
  (compiling source file 'Core.cpp')
      G:\VS_PROJECTS\UT2004src\UT2004_3369\Core\Inc\UnMath.h(3217,2):
      There is no context in which this conversion is possible
  
G:\VS_PROJECTS\UT2004src\UT2004_3369\Core\Inc\UnLinker.h(74,3): error C2440: 'initializing': cannot convert from 'const wchar_t [18]' to 'const TCHAR []'
  (compiling source file 'Core.cpp')
      G:\VS_PROJECTS\UT2004src\UT2004_3369\Core\Inc\UnLinker.h(74,3):
      There is no context in which this conversion is possible
  
G:\VS_PROJECTS\UT2004src\UT2004_3369\Core\Inc\UnLinker.h(203,3): error C2440: 'initializing': cannot convert from 'const wchar_t [21]' to 'const TCHAR []'
  (compiling source file 'Core.cpp')
      G:\VS_PROJECTS\UT2004src\UT2004_3369\Core\Inc\UnLinker.h(203,3):
      There is no context in which this conversion is possible
  
G:\VS_PROJECTS\UT2004src\UT2004_3369\Core\Inc\UnLinker.h(204,7): warning C4458: declaration of 'Index' hides class member
  (compiling source file 'Core.cpp')
      G:\VS_PROJECTS\UT2004src\UT2004_3369\Core\Inc\UnObjBas.h(602,13):
      see declaration of 'UObject::Index'
  
G:\VS_PROJECTS\UT2004src\UT2004_3369\Core\Inc\UnLinker.h(213,31): warning C4458: declaration of 'Name' hides class member
  (compiling source file 'Core.cpp')
      G:\VS_PROJECTS\UT2004src\UT2004_3369\Core\Inc\UnObjBas.h(612,12):
      see declaration of 'UObject::Name'
  
G:\VS_PROJECTS\UT2004src\UT2004_3369\Core\Inc\UnLinker.h(215,3): error C2440: 'initializing': cannot convert from 'const wchar_t [19]' to 'const TCHAR []'
  (compiling source file 'Core.cpp')
      G:\VS_PROJECTS\UT2004src\UT2004_3369\Core\Inc\UnLinker.h(215,3):
      There is no context in which this conversion is possible
  
G:\VS_PROJECTS\UT2004src\UT2004_3369\Core\Inc\UnLinker.h(221,4): error C2665: 'FOutputDevice::Logf': no overloaded function could convert all the argument types
  (compiling source file 'Core.cpp')
      G:\VS_PROJECTS\UT2004src\UT2004_3369\Core\Inc\Core.h(332,7):
      could be 'void FOutputDevice::Logf(EName,const TCHAR *,...)'
          G:\VS_PROJECTS\UT2004src\UT2004_3369\Core\Inc\UnLinker.h(221,4):
          'void FOutputDevice::Logf(EName,const TCHAR *,...)': cannot convert argument 2 from 'const wchar_t [189]' to 'const TCHAR *'
              G:\VS_PROJECTS\UT2004src\UT2004_3369\Core\Inc\UnLinker.h(221,34):
              Types pointed to are unrelated; conversion requires reinterpret_cast, C-style cast or parenthesized function-style cast
      G:\VS_PROJECTS\UT2004src\UT2004_3369\Core\Inc\Core.h(331,7):
      or       'void FOutputDevice::Logf(const TCHAR *,...)'
          G:\VS_PROJECTS\UT2004src\UT2004_3369\Core\Inc\UnLinker.h(221,4):
          'void FOutputDevice::Logf(const TCHAR *,...)': cannot convert argument 1 from 'EName' to 'const TCHAR *'
              G:\VS_PROJECTS\UT2004src\UT2004_3369\Core\Inc\UnLinker.h(221,14):
              Conversion from integral type to pointer type requires reinterpret_cast, C-style cast or parenthesized function-style cast
      G:\VS_PROJECTS\UT2004src\UT2004_3369\Core\Inc\UnLinker.h(221,4):
      while trying to match the argument list '(EName, const wchar_t [189], NAME_INDEX, INT)'
  
G:\VS_PROJECTS\UT2004src\UT2004_3369\Core\Inc\UnLinker.h(254,31): warning C4458: declaration of 'Name' hides class member
  (compiling source file 'Core.cpp')
      G:\VS_PROJECTS\UT2004src\UT2004_3369\Core\Inc\UnObjBas.h(612,12):
      see declaration of 'UObject::Name'
  
G:\VS_PROJECTS\UT2004src\UT2004_3369\Core\Src\Core.cpp(16,4): error C2665: 'FOutputDevice::Logf': no overloaded function could convert all the argument types
      G:\VS_PROJECTS\UT2004src\UT2004_3369\Core\Inc\Core.h(332,7):
      could be 'void FOutputDevice::Logf(EName,const TCHAR *,...)'
          G:\VS_PROJECTS\UT2004src\UT2004_3369\Core\Src\Core.cpp(16,4):
          'void FOutputDevice::Logf(EName,const TCHAR *,...)': cannot convert argument 1 from 'const wchar_t [29]' to 'EName'
              G:\VS_PROJECTS\UT2004src\UT2004_3369\Core\Src\Core.cpp(16,15):
              There is no context in which this conversion is possible
      G:\VS_PROJECTS\UT2004src\UT2004_3369\Core\Inc\Core.h(331,7):
      or       'void FOutputDevice::Logf(const TCHAR *,...)'
          G:\VS_PROJECTS\UT2004src\UT2004_3369\Core\Src\Core.cpp(16,4):
          'void FOutputDevice::Logf(const TCHAR *,...)': cannot convert argument 1 from 'const wchar_t [29]' to 'const TCHAR *'
              G:\VS_PROJECTS\UT2004src\UT2004_3369\Core\Src\Core.cpp(16,15):
              Types pointed to are unrelated; conversion requires reinterpret_cast, C-style cast or parenthesized function-style cast
      G:\VS_PROJECTS\UT2004src\UT2004_3369\Core\Src\Core.cpp(16,4):
      while trying to match the argument list '(const wchar_t [29], const TCHAR *)'
  
G:\VS_PROJECTS\UT2004src\UT2004_3369\Core\Src\Core.cpp(18,4): error C2664: 'void FMallocError::Called(const TCHAR *)': cannot convert argument 1 from 'const wchar_t [10]' to 'const TCHAR *'
      G:\VS_PROJECTS\UT2004src\UT2004_3369\Core\Src\Core.cpp(18,11):
      Types pointed to are unrelated; conversion requires reinterpret_cast, C-style cast or parenthesized function-style cast
      G:\VS_PROJECTS\UT2004src\UT2004_3369\Core\Src\Core.cpp(15,7):
      see declaration of 'FMallocError::Called'
      G:\VS_PROJECTS\UT2004src\UT2004_3369\Core\Src\Core.cpp(18,4):
      while trying to match the argument list '(const wchar_t [10])'
  
G:\VS_PROJECTS\UT2004src\UT2004_3369\Core\Src\Core.cpp(20,4): error C2664: 'void FMallocError::Called(const TCHAR *)': cannot convert argument 1 from 'const wchar_t [11]' to 'const TCHAR *'
      G:\VS_PROJECTS\UT2004src\UT2004_3369\Core\Src\Core.cpp(20,11):
      Types pointed to are unrelated; conversion requires reinterpret_cast, C-style cast or parenthesized function-style cast
      G:\VS_PROJECTS\UT2004src\UT2004_3369\Core\Src\Core.cpp(15,7):
      see declaration of 'FMallocError::Called'
      G:\VS_PROJECTS\UT2004src\UT2004_3369\Core\Src\Core.cpp(20,4):
      while trying to match the argument list '(const wchar_t [11])'
  
G:\VS_PROJECTS\UT2004src\UT2004_3369\Core\Src\Core.cpp(22,4): error C2664: 'void FMallocError::Called(const TCHAR *)': cannot convert argument 1 from 'const wchar_t [8]' to 'const TCHAR *'
      G:\VS_PROJECTS\UT2004src\UT2004_3369\Core\Src\Core.cpp(22,11):
      Types pointed to are unrelated; conversion requires reinterpret_cast, C-style cast or parenthesized function-style cast
      G:\VS_PROJECTS\UT2004src\UT2004_3369\Core\Src\Core.cpp(15,7):
      see declaration of 'FMallocError::Called'
      G:\VS_PROJECTS\UT2004src\UT2004_3369\Core\Src\Core.cpp(22,4):
      while trying to match the argument list '(const wchar_t [8])'
  
G:\VS_PROJECTS\UT2004src\UT2004_3369\Core\Src\Core.cpp(24,4): error C2664: 'void FMallocError::Called(const TCHAR *)': cannot convert argument 1 from 'const wchar_t [14]' to 'const TCHAR *'
      G:\VS_PROJECTS\UT2004src\UT2004_3369\Core\Src\Core.cpp(24,11):
      Types pointed to are unrelated; conversion requires reinterpret_cast, C-style cast or parenthesized function-style cast
      G:\VS_PROJECTS\UT2004src\UT2004_3369\Core\Src\Core.cpp(15,7):
      see declaration of 'FMallocError::Called'
      G:\VS_PROJECTS\UT2004src\UT2004_3369\Core\Src\Core.cpp(24,4):
      while trying to match the argument list '(const wchar_t [14])'
  
G:\VS_PROJECTS\UT2004src\UT2004_3369\Core\Src\Core.cpp(26,4): error C2664: 'void FMallocError::Called(const TCHAR *)': cannot convert argument 1 from 'const wchar_t [13]' to 'const TCHAR *'
      G:\VS_PROJECTS\UT2004src\UT2004_3369\Core\Src\Core.cpp(26,11):
      Types pointed to are unrelated; conversion requires reinterpret_cast, C-style cast or parenthesized function-style cast
      G:\VS_PROJECTS\UT2004src\UT2004_3369\Core\Src\Core.cpp(15,7):
      see declaration of 'FMallocError::Called'
      G:\VS_PROJECTS\UT2004src\UT2004_3369\Core\Src\Core.cpp(26,4):
      while trying to match the argument list '(const wchar_t [13])'
  
G:\VS_PROJECTS\UT2004src\UT2004_3369\Core\Src\Core.cpp(28,4): error C2664: 'void FMallocError::Called(const TCHAR *)': cannot convert argument 1 from 'const wchar_t [19]' to 'const TCHAR *'
      G:\VS_PROJECTS\UT2004src\UT2004_3369\Core\Src\Core.cpp(28,11):
      Types pointed to are unrelated; conversion requires reinterpret_cast, C-style cast or parenthesized function-style cast
      G:\VS_PROJECTS\UT2004src\UT2004_3369\Core\Src\Core.cpp(15,7):
      see declaration of 'FMallocError::Called'
      G:\VS_PROJECTS\UT2004src\UT2004_3369\Core\Src\Core.cpp(28,4):
      while trying to match the argument list '(const wchar_t [19])'
  
G:\VS_PROJECTS\UT2004src\UT2004_3369\Core\Src\Core.cpp(30,4): error C2664: 'void FMallocError::Called(const TCHAR *)': cannot convert argument 1 from 'const wchar_t [19]' to 'const TCHAR *'
      G:\VS_PROJECTS\UT2004src\UT2004_3369\Core\Src\Core.cpp(30,11):
      Types pointed to are unrelated; conversion requires reinterpret_cast, C-style cast or parenthesized function-style cast
      G:\VS_PROJECTS\UT2004src\UT2004_3369\Core\Src\Core.cpp(15,7):
      see declaration of 'FMallocError::Called'
      G:\VS_PROJECTS\UT2004src\UT2004_3369\Core\Src\Core.cpp(30,4):
      while trying to match the argument list '(const wchar_t [19])'
  
G:\VS_PROJECTS\UT2004src\UT2004_3369\Core\Src\Core.cpp(38,4): error C2665: 'FOutputDevice::Logf': no overloaded function could convert all the argument types
      G:\VS_PROJECTS\UT2004src\UT2004_3369\Core\Inc\Core.h(331,7):
      could be 'void FOutputDevice::Logf(const TCHAR *,...)'
          G:\VS_PROJECTS\UT2004src\UT2004_3369\Core\Src\Core.cpp(38,4):
          'void FOutputDevice::Logf(const TCHAR *,...)': cannot convert argument 1 from 'const wchar_t [43]' to 'const TCHAR *'
              G:\VS_PROJECTS\UT2004src\UT2004_3369\Core\Src\Core.cpp(38,14):
              Types pointed to are unrelated; conversion requires reinterpret_cast, C-style cast or parenthesized function-style cast
      G:\VS_PROJECTS\UT2004src\UT2004_3369\Core\Src\Core.cpp(38,4):
      while trying to match the argument list '(const wchar_t [43])'
  
G:\VS_PROJECTS\UT2004src\UT2004_3369\Core\Src\Core.cpp(40,4): error C2665: 'FOutputDevice::Logf': no overloaded function could convert all the argument types
      G:\VS_PROJECTS\UT2004src\UT2004_3369\Core\Inc\Core.h(331,7):
      could be 'void FOutputDevice::Logf(const TCHAR *,...)'
          G:\VS_PROJECTS\UT2004src\UT2004_3369\Core\Src\Core.cpp(40,4):
          'void FOutputDevice::Logf(const TCHAR *,...)': cannot convert argument 1 from 'const wchar_t [43]' to 'const TCHAR *'
              G:\VS_PROJECTS\UT2004src\UT2004_3369\Core\Src\Core.cpp(40,14):
              Types pointed to are unrelated; conversion requires reinterpret_cast, C-style cast or parenthesized function-style cast
      G:\VS_PROJECTS\UT2004src\UT2004_3369\Core\Src\Core.cpp(40,4):
      while trying to match the argument list '(const wchar_t [43])'
  
G:\VS_PROJECTS\UT2004src\UT2004_3369\Core\Src\Core.cpp(64,4): error C2440: 'return': cannot convert from 'const wchar_t [1]' to 'FString'
      G:\VS_PROJECTS\UT2004src\UT2004_3369\Core\Src\Core.cpp(64,4):
      'FString::FString': no overloaded function could convert all the argument types
          G:\VS_PROJECTS\UT2004src\UT2004_3369\Core\Inc\UnTemplate.h(1139,2):
          could be 'FString::FString(const FString &)'
              G:\VS_PROJECTS\UT2004src\UT2004_3369\Core\Src\Core.cpp(64,4):
              'FString::FString(const FString &)': cannot convert argument 1 from 'const wchar_t [1]' to 'const FString &'
                  G:\VS_PROJECTS\UT2004src\UT2004_3369\Core\Src\Core.cpp(64,11):
                  Reason: cannot convert from 'const wchar_t [1]' to 'const FString'
          G:\VS_PROJECTS\UT2004src\UT2004_3369\Core\Inc\UnTemplate.h(1159,2):
          or       'FString::FString(ENoInit)'
              G:\VS_PROJECTS\UT2004src\UT2004_3369\Core\Src\Core.cpp(64,4):
              'FString::FString(ENoInit)': cannot convert argument 1 from 'const wchar_t [1]' to 'ENoInit'
                  G:\VS_PROJECTS\UT2004src\UT2004_3369\Core\Src\Core.cpp(64,11):
                  There is no context in which this conversion is possible
          G:\VS_PROJECTS\UT2004src\UT2004_3369\Core\Inc\UnTemplate.h(1152,2):
          or       'FString::FString(const ANSICHAR *)'
              G:\VS_PROJECTS\UT2004src\UT2004_3369\Core\Src\Core.cpp(64,4):
              'FString::FString(const ANSICHAR *)': cannot convert argument 1 from 'const wchar_t [1]' to 'const ANSICHAR *'
                  G:\VS_PROJECTS\UT2004src\UT2004_3369\Core\Src\Core.cpp(64,11):
                  Types pointed to are unrelated; conversion requires reinterpret_cast, C-style cast or parenthesized function-style cast
          G:\VS_PROJECTS\UT2004src\UT2004_3369\Core\Inc\UnTemplate.h(1145,2):
          or       'FString::FString(const TCHAR *)'
              G:\VS_PROJECTS\UT2004src\UT2004_3369\Core\Src\Core.cpp(64,4):
              'FString::FString(const TCHAR *)': cannot convert argument 1 from 'const wchar_t [1]' to 'const TCHAR *'
                  G:\VS_PROJECTS\UT2004src\UT2004_3369\Core\Src\Core.cpp(64,11):
                  Types pointed to are unrelated; conversion requires reinterpret_cast, C-style cast or parenthesized function-style cast
          G:\VS_PROJECTS\UT2004src\UT2004_3369\Core\Src\Core.cpp(64,4):
          while trying to match the argument list '(const wchar_t [1])'
  
G:\VS_PROJECTS\UT2004src\UT2004_3369\Core\Src\Core.cpp(137,36): error C2440: 'initializing': cannot convert from 'const wchar_t [1]' to 'TCHAR [4096]'
      G:\VS_PROJECTS\UT2004src\UT2004_3369\Core\Src\Core.cpp(137,36):
      There is no context in which this conversion is possible
  
G:\VS_PROJECTS\UT2004src\UT2004_3369\Core\Src\Core.cpp(138,28): error C2440: 'initializing': cannot convert from 'const wchar_t [4]' to 'TCHAR [64]'
      G:\VS_PROJECTS\UT2004src\UT2004_3369\Core\Src\Core.cpp(138,28):
      There is no context in which this conversion is possible
  
G:\VS_PROJECTS\UT2004src\UT2004_3369\Core\Src\Core.cpp(139,27): error C2440: 'initializing': cannot convert from 'const wchar_t [3]' to 'TCHAR [64]'
      G:\VS_PROJECTS\UT2004src\UT2004_3369\Core\Src\Core.cpp(139,27):
      There is no context in which this conversion is possible
  
G:\VS_PROJECTS\UT2004src\UT2004_3369\Core\Src\Core.cpp(140,29): error C2440: 'initializing': cannot convert from 'const wchar_t [5]' to 'TCHAR [64]'
      G:\VS_PROJECTS\UT2004src\UT2004_3369\Core\Src\Core.cpp(140,29):
      There is no context in which this conversion is possible
  
G:\VS_PROJECTS\UT2004src\UT2004_3369\Core\Src\Core.cpp(141,30): error C2440: 'initializing': cannot convert from 'const wchar_t [6]' to 'TCHAR [64]'
      G:\VS_PROJECTS\UT2004src\UT2004_3369\Core\Src\Core.cpp(141,30):
      There is no context in which this conversion is possible
  
G:\VS_PROJECTS\UT2004src\UT2004_3369\Core\Src\Core.cpp(142,29): error C2440: 'initializing': cannot convert from 'const wchar_t [5]' to 'TCHAR [64]'
      G:\VS_PROJECTS\UT2004src\UT2004_3369\Core\Src\Core.cpp(142,29):
      There is no context in which this conversion is possible
  
G:\VS_PROJECTS\UT2004src\UT2004_3369\Core\Src\Core.cpp(143,45): error C2440: 'initializing': cannot convert from 'const wchar_t [1]' to 'TCHAR [256]'
      G:\VS_PROJECTS\UT2004src\UT2004_3369\Core\Src\Core.cpp(143,45):
      There is no context in which this conversion is possible
  
G:\VS_PROJECTS\UT2004src\UT2004_3369\Core\Src\Core.cpp(155,31): error C2440: 'initializing': cannot convert from 'const wchar_t [33]' to 'TCHAR [256]'
      G:\VS_PROJECTS\UT2004src\UT2004_3369\Core\Src\Core.cpp(155,31):
      There is no context in which this conversion is possible
  
G:\VS_PROJECTS\UT2004src\UT2004_3369\Core\Src\Core.cpp(189,54): error C2440: 'initializing': cannot convert from 'const wchar_t [9]' to 'TCHAR [1024]'
      G:\VS_PROJECTS\UT2004src\UT2004_3369\Core\Src\Core.cpp(189,54):
      There is no context in which this conversion is possible
  
G:\VS_PROJECTS\UT2004src\UT2004_3369\Core\Src\Core.cpp(190,53): error C2440: 'initializing': cannot convert from 'const wchar_t [6]' to 'TCHAR [1024]'
      G:\VS_PROJECTS\UT2004src\UT2004_3369\Core\Src\Core.cpp(190,53):
      There is no context in which this conversion is possible
  
G:\VS_PROJECTS\UT2004src\UT2004_3369\Core\Src\Core.cpp(191,54): error C2440: 'initializing': cannot convert from 'const wchar_t [7]' to 'TCHAR [1024]'
      G:\VS_PROJECTS\UT2004src\UT2004_3369\Core\Src\Core.cpp(191,54):
      There is no context in which this conversion is possible
  
G:\VS_PROJECTS\UT2004src\UT2004_3369\Core\Src\Core.cpp(192,56): error C2440: 'initializing': cannot convert from 'const wchar_t [9]' to 'TCHAR [1024]'
      G:\VS_PROJECTS\UT2004src\UT2004_3369\Core\Src\Core.cpp(192,56):
      There is no context in which this conversion is possible
  
G:\VS_PROJECTS\UT2004src\UT2004_3369\Core\Src\Core.cpp(194,36): error C2440: 'initializing': cannot convert from 'const wchar_t [1]' to 'TCHAR [1024]'
      G:\VS_PROJECTS\UT2004src\UT2004_3369\Core\Src\Core.cpp(194,36):
      There is no context in which this conversion is possible
  
G:\VS_PROJECTS\UT2004src\UT2004_3369\Core\Src\Core.cpp(195,39): error C2440: 'initializing': cannot convert from 'const wchar_t [1]' to 'TCHAR [1024]'
      G:\VS_PROJECTS\UT2004src\UT2004_3369\Core\Src\Core.cpp(195,39):
      There is no context in which this conversion is possible
  
G:\VS_PROJECTS\UT2004src\UT2004_3369\Core\Src\Core.cpp(223,39): error C2440: 'initializing': cannot convert from 'const wchar_t [1]' to 'TCHAR [256]'
      G:\VS_PROJECTS\UT2004src\UT2004_3369\Core\Src\Core.cpp(223,39):
      There is no context in which this conversion is possible
  
G:\VS_PROJECTS\UT2004src\UT2004_3369\Core\Src\Core.cpp(224,40): error C2440: 'initializing': cannot convert from 'const wchar_t [1]' to 'TCHAR [1024]'
      G:\VS_PROJECTS\UT2004src\UT2004_3369\Core\Src\Core.cpp(224,40):
      There is no context in which this conversion is possible
  
G:\VS_PROJECTS\UT2004src\UT2004_3369\Core\Src\Core.cpp(225,39): error C2440: 'initializing': cannot convert from 'const wchar_t [1]' to 'TCHAR [1024]'
      G:\VS_PROJECTS\UT2004src\UT2004_3369\Core\Src\Core.cpp(225,39):
      There is no context in which this conversion is possible
  
G:\VS_PROJECTS\UT2004src\UT2004_3369\Core\Src\Core.cpp(228,38): error C2440: 'initializing': cannot convert from 'const wchar_t [224]' to 'TCHAR [255]'
      G:\VS_PROJECTS\UT2004src\UT2004_3369\Core\Src\Core.cpp(228,38):
      There is no context in which this conversion is possible
  
G:\VS_PROJECTS\UT2004src\UT2004_3369\Core\Src\Core.cpp(263,5): error C2440: 'initializing': cannot convert from 'const wchar_t [25]' to 'const TCHAR []'
      G:\VS_PROJECTS\UT2004src\UT2004_3369\Core\Src\Core.cpp(263,5):
      There is no context in which this conversion is possible
  
G:\VS_PROJECTS\UT2004src\UT2004_3369\Core\Src\Core.cpp(275,39): error C2665: 'FString::InStr': no overloaded function could convert all the argument types
      G:\VS_PROJECTS\UT2004src\UT2004_3369\Core\Inc\UnTemplate.h(1379,6):
      could be 'INT FString::InStr(const FString &,UBOOL) const'
          G:\VS_PROJECTS\UT2004src\UT2004_3369\Core\Src\Core.cpp(275,39):
          'INT FString::InStr(const FString &,UBOOL) const': cannot convert argument 1 from 'const wchar_t [2]' to 'const FString &'
              G:\VS_PROJECTS\UT2004src\UT2004_3369\Core\Src\Core.cpp(275,46):
              Reason: cannot convert from 'const wchar_t [2]' to 'const FString'
              G:\VS_PROJECTS\UT2004src\UT2004_3369\Core\Src\Core.cpp(275,46):
              'FString::FString': no overloaded function could convert all the argument types
                  G:\VS_PROJECTS\UT2004src\UT2004_3369\Core\Inc\UnTemplate.h(1139,2):
                  could be 'FString::FString(const FString &)'
                      G:\VS_PROJECTS\UT2004src\UT2004_3369\Core\Src\Core.cpp(275,46):
                      'FString::FString(const FString &)': cannot convert argument 1 from 'const wchar_t [2]' to 'const FString &'
                          G:\VS_PROJECTS\UT2004src\UT2004_3369\Core\Src\Core.cpp(275,46):
                          Reason: cannot convert from 'const wchar_t [2]' to 'const FString'
                          G:\VS_PROJECTS\UT2004src\UT2004_3369\Core\Src\Core.cpp(275,46):
                          Conversion requires a second user-defined-conversion operator or constructor
                  G:\VS_PROJECTS\UT2004src\UT2004_3369\Core\Inc\UnTemplate.h(1159,2):
                  or       'FString::FString(ENoInit)'
                      G:\VS_PROJECTS\UT2004src\UT2004_3369\Core\Src\Core.cpp(275,46):
                      'FString::FString(ENoInit)': cannot convert argument 1 from 'const wchar_t [2]' to 'ENoInit'
                          G:\VS_PROJECTS\UT2004src\UT2004_3369\Core\Src\Core.cpp(275,46):
                          There is no context in which this conversion is possible
                  G:\VS_PROJECTS\UT2004src\UT2004_3369\Core\Inc\UnTemplate.h(1152,2):
                  or       'FString::FString(const ANSICHAR *)'
                      G:\VS_PROJECTS\UT2004src\UT2004_3369\Core\Src\Core.cpp(275,46):
                      'FString::FString(const ANSICHAR *)': cannot convert argument 1 from 'const wchar_t [2]' to 'const ANSICHAR *'
                          G:\VS_PROJECTS\UT2004src\UT2004_3369\Core\Src\Core.cpp(275,46):
                          Types pointed to are unrelated; conversion requires reinterpret_cast, C-style cast or parenthesized function-style cast
                  G:\VS_PROJECTS\UT2004src\UT2004_3369\Core\Inc\UnTemplate.h(1145,2):
                  or       'FString::FString(const TCHAR *)'
                      G:\VS_PROJECTS\UT2004src\UT2004_3369\Core\Src\Core.cpp(275,46):
                      'FString::FString(const TCHAR *)': cannot convert argument 1 from 'const wchar_t [2]' to 'const TCHAR *'
                          G:\VS_PROJECTS\UT2004src\UT2004_3369\Core\Src\Core.cpp(275,46):
                          Types pointed to are unrelated; conversion requires reinterpret_cast, C-style cast or parenthesized function-style cast
                  G:\VS_PROJECTS\UT2004src\UT2004_3369\Core\Src\Core.cpp(275,46):
                  while trying to match the argument list '(const wchar_t [2])'
      G:\VS_PROJECTS\UT2004src\UT2004_3369\Core\Inc\UnTemplate.h(1358,6):
      or       'INT FString::InStr(const TCHAR *,UBOOL) const'
          G:\VS_PROJECTS\UT2004src\UT2004_3369\Core\Src\Core.cpp(275,39):
          'INT FString::InStr(const TCHAR *,UBOOL) const': cannot convert argument 1 from 'const wchar_t [2]' to 'const TCHAR *'
              G:\VS_PROJECTS\UT2004src\UT2004_3369\Core\Src\Core.cpp(275,46):
              Types pointed to are unrelated; conversion requires reinterpret_cast, C-style cast or parenthesized function-style cast
      G:\VS_PROJECTS\UT2004src\UT2004_3369\Core\Src\Core.cpp(275,39):
      while trying to match the argument list '(const wchar_t [2], int)'
  
G:\VS_PROJECTS\UT2004src\UT2004_3369\Core\Src\Core.cpp(275,71): error C2665: 'FString::InStr': no overloaded function could convert all the argument types
      G:\VS_PROJECTS\UT2004src\UT2004_3369\Core\Inc\UnTemplate.h(1379,6):
      could be 'INT FString::InStr(const FString &,UBOOL) const'
          G:\VS_PROJECTS\UT2004src\UT2004_3369\Core\Src\Core.cpp(275,71):
          'INT FString::InStr(const FString &,UBOOL) const': cannot convert argument 1 from 'const wchar_t [2]' to 'const FString &'
              G:\VS_PROJECTS\UT2004src\UT2004_3369\Core\Src\Core.cpp(275,78):
              Reason: cannot convert from 'const wchar_t [2]' to 'const FString'
              G:\VS_PROJECTS\UT2004src\UT2004_3369\Core\Src\Core.cpp(275,78):
              'FString::FString': no overloaded function could convert all the argument types
                  G:\VS_PROJECTS\UT2004src\UT2004_3369\Core\Inc\UnTemplate.h(1139,2):
                  could be 'FString::FString(const FString &)'
                      G:\VS_PROJECTS\UT2004src\UT2004_3369\Core\Src\Core.cpp(275,78):
                      'FString::FString(const FString &)': cannot convert argument 1 from 'const wchar_t [2]' to 'const FString &'
                          G:\VS_PROJECTS\UT2004src\UT2004_3369\Core\Src\Core.cpp(275,78):
                          Reason: cannot convert from 'const wchar_t [2]' to 'const FString'
                          G:\VS_PROJECTS\UT2004src\UT2004_3369\Core\Src\Core.cpp(275,78):
                          Conversion requires a second user-defined-conversion operator or constructor
                  G:\VS_PROJECTS\UT2004src\UT2004_3369\Core\Inc\UnTemplate.h(1159,2):
                  or       'FString::FString(ENoInit)'
                      G:\VS_PROJECTS\UT2004src\UT2004_3369\Core\Src\Core.cpp(275,78):
                      'FString::FString(ENoInit)': cannot convert argument 1 from 'const wchar_t [2]' to 'ENoInit'
                          G:\VS_PROJECTS\UT2004src\UT2004_3369\Core\Src\Core.cpp(275,78):
                          There is no context in which this conversion is possible
                  G:\VS_PROJECTS\UT2004src\UT2004_3369\Core\Inc\UnTemplate.h(1152,2):
                  or       'FString::FString(const ANSICHAR *)'
                      G:\VS_PROJECTS\UT2004src\UT2004_3369\Core\Src\Core.cpp(275,78):
                      'FString::FString(const ANSICHAR *)': cannot convert argument 1 from 'const wchar_t [2]' to 'const ANSICHAR *'
                          G:\VS_PROJECTS\UT2004src\UT2004_3369\Core\Src\Core.cpp(275,78):
                          Types pointed to are unrelated; conversion requires reinterpret_cast, C-style cast or parenthesized function-style cast
                  G:\VS_PROJECTS\UT2004src\UT2004_3369\Core\Inc\UnTemplate.h(1145,2):
                  or       'FString::FString(const TCHAR *)'
                      G:\VS_PROJECTS\UT2004src\UT2004_3369\Core\Src\Core.cpp(275,78):
                      'FString::FString(const TCHAR *)': cannot convert argument 1 from 'const wchar_t [2]' to 'const TCHAR *'
                          G:\VS_PROJECTS\UT2004src\UT2004_3369\Core\Src\Core.cpp(275,78):
                          Types pointed to are unrelated; conversion requires reinterpret_cast, C-style cast or parenthesized function-style cast
                  G:\VS_PROJECTS\UT2004src\UT2004_3369\Core\Src\Core.cpp(275,78):
                  while trying to match the argument list '(const wchar_t [2])'
      G:\VS_PROJECTS\UT2004src\UT2004_3369\Core\Inc\UnTemplate.h(1358,6):
      or       'INT FString::InStr(const TCHAR *,UBOOL) const'
          G:\VS_PROJECTS\UT2004src\UT2004_3369\Core\Src\Core.cpp(275,71):
          'INT FString::InStr(const TCHAR *,UBOOL) const': cannot convert argument 1 from 'const wchar_t [2]' to 'const TCHAR *'
              G:\VS_PROJECTS\UT2004src\UT2004_3369\Core\Src\Core.cpp(275,78):
              Types pointed to are unrelated; conversion requires reinterpret_cast, C-style cast or parenthesized function-style cast
      G:\VS_PROJECTS\UT2004src\UT2004_3369\Core\Src\Core.cpp(275,71):
      while trying to match the argument list '(const wchar_t [2], int)'
  
G:\VS_PROJECTS\UT2004src\UT2004_3369\Core\Src\Core.cpp(283,14): error C2664: 'INT appStrncmp(const TCHAR *,const TCHAR *,INT)': cannot convert argument 2 from 'const wchar_t [4]' to 'const TCHAR *'
      G:\VS_PROJECTS\UT2004src\UT2004_3369\Core\Src\Core.cpp(283,38):
      Types pointed to are unrelated; conversion requires reinterpret_cast, C-style cast or parenthesized function-style cast
      G:\VS_PROJECTS\UT2004src\UT2004_3369\Core\Inc\UnFile.h(442,14):
      see declaration of 'appStrncmp'
      G:\VS_PROJECTS\UT2004src\UT2004_3369\Core\Src\Core.cpp(283,14):
      while trying to match the argument list '(const TCHAR *, const wchar_t [4], int)'
  
G:\VS_PROJECTS\UT2004src\UT2004_3369\Core\Src\Core.cpp(283,66): error C2664: 'INT appStrncmp(const TCHAR *,const TCHAR *,INT)': cannot convert argument 2 from 'const wchar_t [4]' to 'const TCHAR *'
      G:\VS_PROJECTS\UT2004src\UT2004_3369\Core\Src\Core.cpp(283,90):
      Types pointed to are unrelated; conversion requires reinterpret_cast, C-style cast or parenthesized function-style cast
      G:\VS_PROJECTS\UT2004src\UT2004_3369\Core\Inc\UnFile.h(442,14):
      see declaration of 'appStrncmp'
      G:\VS_PROJECTS\UT2004src\UT2004_3369\Core\Src\Core.cpp(283,66):
      while trying to match the argument list '(const TCHAR *, const wchar_t [4], int)'
  
G:\VS_PROJECTS\UT2004src\UT2004_3369\Core\Src\Core.cpp(285,43): error C2665: 'FString::InStr': no overloaded function could convert all the argument types
      G:\VS_PROJECTS\UT2004src\UT2004_3369\Core\Inc\UnTemplate.h(1379,6):
      could be 'INT FString::InStr(const FString &,UBOOL) const'
          G:\VS_PROJECTS\UT2004src\UT2004_3369\Core\Src\Core.cpp(285,43):
          'INT FString::InStr(const FString &,UBOOL) const': cannot convert argument 1 from 'const wchar_t [2]' to 'const FString &'
              G:\VS_PROJECTS\UT2004src\UT2004_3369\Core\Src\Core.cpp(285,50):
              Reason: cannot convert from 'const wchar_t [2]' to 'const FString'
              G:\VS_PROJECTS\UT2004src\UT2004_3369\Core\Src\Core.cpp(285,50):
              'FString::FString': no overloaded function could convert all the argument types
                  G:\VS_PROJECTS\UT2004src\UT2004_3369\Core\Inc\UnTemplate.h(1139,2):
                  could be 'FString::FString(const FString &)'
                      G:\VS_PROJECTS\UT2004src\UT2004_3369\Core\Src\Core.cpp(285,50):
                      'FString::FString(const FString &)': cannot convert argument 1 from 'const wchar_t [2]' to 'const FString &'
                          G:\VS_PROJECTS\UT2004src\UT2004_3369\Core\Src\Core.cpp(285,50):
                          Reason: cannot convert from 'const wchar_t [2]' to 'const FString'
                          G:\VS_PROJECTS\UT2004src\UT2004_3369\Core\Src\Core.cpp(285,50):
                          Conversion requires a second user-defined-conversion operator or constructor
                  G:\VS_PROJECTS\UT2004src\UT2004_3369\Core\Inc\UnTemplate.h(1159,2):
                  or       'FString::FString(ENoInit)'
                      G:\VS_PROJECTS\UT2004src\UT2004_3369\Core\Src\Core.cpp(285,50):
                      'FString::FString(ENoInit)': cannot convert argument 1 from 'const wchar_t [2]' to 'ENoInit'
                          G:\VS_PROJECTS\UT2004src\UT2004_3369\Core\Src\Core.cpp(285,50):
                          There is no context in which this conversion is possible
                  G:\VS_PROJECTS\UT2004src\UT2004_3369\Core\Inc\UnTemplate.h(1152,2):
                  or       'FString::FString(const ANSICHAR *)'
                      G:\VS_PROJECTS\UT2004src\UT2004_3369\Core\Src\Core.cpp(285,50):
                      'FString::FString(const ANSICHAR *)': cannot convert argument 1 from 'const wchar_t [2]' to 'const ANSICHAR *'
                          G:\VS_PROJECTS\UT2004src\UT2004_3369\Core\Src\Core.cpp(285,50):
                          Types pointed to are unrelated; conversion requires reinterpret_cast, C-style cast or parenthesized function-style cast
                  G:\VS_PROJECTS\UT2004src\UT2004_3369\Core\Inc\UnTemplate.h(1145,2):
                  or       'FString::FString(const TCHAR *)'
                      G:\VS_PROJECTS\UT2004src\UT2004_3369\Core\Src\Core.cpp(285,50):
                      'FString::FString(const TCHAR *)': cannot convert argument 1 from 'const wchar_t [2]' to 'const TCHAR *'
                          G:\VS_PROJECTS\UT2004src\UT2004_3369\Core\Src\Core.cpp(285,50):
                          Types pointed to are unrelated; conversion requires reinterpret_cast, C-style cast or parenthesized function-style cast
                  G:\VS_PROJECTS\UT2004src\UT2004_3369\Core\Src\Core.cpp(285,50):
                  while trying to match the argument list '(const wchar_t [2])'
      G:\VS_PROJECTS\UT2004src\UT2004_3369\Core\Inc\UnTemplate.h(1358,6):
      or       'INT FString::InStr(const TCHAR *,UBOOL) const'
          G:\VS_PROJECTS\UT2004src\UT2004_3369\Core\Src\Core.cpp(285,43):
          'INT FString::InStr(const TCHAR *,UBOOL) const': cannot convert argument 1 from 'const wchar_t [2]' to 'const TCHAR *'
              G:\VS_PROJECTS\UT2004src\UT2004_3369\Core\Src\Core.cpp(285,50):
              Types pointed to are unrelated; conversion requires reinterpret_cast, C-style cast or parenthesized function-style cast
      G:\VS_PROJECTS\UT2004src\UT2004_3369\Core\Src\Core.cpp(285,43):
      while trying to match the argument list '(const wchar_t [2], int)'
  
G:\VS_PROJECTS\UT2004src\UT2004_3369\Core\Src\Core.cpp(285,75): error C2665: 'FString::InStr': no overloaded function could convert all the argument types
      G:\VS_PROJECTS\UT2004src\UT2004_3369\Core\Inc\UnTemplate.h(1379,6):
      could be 'INT FString::InStr(const FString &,UBOOL) const'
          G:\VS_PROJECTS\UT2004src\UT2004_3369\Core\Src\Core.cpp(285,75):
          'INT FString::InStr(const FString &,UBOOL) const': cannot convert argument 1 from 'const wchar_t [2]' to 'const FString &'
              G:\VS_PROJECTS\UT2004src\UT2004_3369\Core\Src\Core.cpp(285,82):
              Reason: cannot convert from 'const wchar_t [2]' to 'const FString'
              G:\VS_PROJECTS\UT2004src\UT2004_3369\Core\Src\Core.cpp(285,82):
              'FString::FString': no overloaded function could convert all the argument types
                  G:\VS_PROJECTS\UT2004src\UT2004_3369\Core\Inc\UnTemplate.h(1139,2):
                  could be 'FString::FString(const FString &)'
                      G:\VS_PROJECTS\UT2004src\UT2004_3369\Core\Src\Core.cpp(285,82):
                      'FString::FString(const FString &)': cannot convert argument 1 from 'const wchar_t [2]' to 'const FString &'
                          G:\VS_PROJECTS\UT2004src\UT2004_3369\Core\Src\Core.cpp(285,82):
                          Reason: cannot convert from 'const wchar_t [2]' to 'const FString'
                          G:\VS_PROJECTS\UT2004src\UT2004_3369\Core\Src\Core.cpp(285,82):
                          Conversion requires a second user-defined-conversion operator or constructor
                  G:\VS_PROJECTS\UT2004src\UT2004_3369\Core\Inc\UnTemplate.h(1159,2):
                  or       'FString::FString(ENoInit)'
                      G:\VS_PROJECTS\UT2004src\UT2004_3369\Core\Src\Core.cpp(285,82):
                      'FString::FString(ENoInit)': cannot convert argument 1 from 'const wchar_t [2]' to 'ENoInit'
                          G:\VS_PROJECTS\UT2004src\UT2004_3369\Core\Src\Core.cpp(285,82):
                          There is no context in which this conversion is possible
                  G:\VS_PROJECTS\UT2004src\UT2004_3369\Core\Inc\UnTemplate.h(1152,2):
                  or       'FString::FString(const ANSICHAR *)'
                      G:\VS_PROJECTS\UT2004src\UT2004_3369\Core\Src\Core.cpp(285,82):
                      'FString::FString(const ANSICHAR *)': cannot convert argument 1 from 'const wchar_t [2]' to 'const ANSICHAR *'
                          G:\VS_PROJECTS\UT2004src\UT2004_3369\Core\Src\Core.cpp(285,82):
                          Types pointed to are unrelated; conversion requires reinterpret_cast, C-style cast or parenthesized function-style cast
                  G:\VS_PROJECTS\UT2004src\UT2004_3369\Core\Inc\UnTemplate.h(1145,2):
                  or       'FString::FString(const TCHAR *)'
                      G:\VS_PROJECTS\UT2004src\UT2004_3369\Core\Src\Core.cpp(285,82):
                      'FString::FString(const TCHAR *)': cannot convert argument 1 from 'const wchar_t [2]' to 'const TCHAR *'
                          G:\VS_PROJECTS\UT2004src\UT2004_3369\Core\Src\Core.cpp(285,82):
                          Types pointed to are unrelated; conversion requires reinterpret_cast, C-style cast or parenthesized function-style cast
                  G:\VS_PROJECTS\UT2004src\UT2004_3369\Core\Src\Core.cpp(285,82):
                  while trying to match the argument list '(const wchar_t [2])'
      G:\VS_PROJECTS\UT2004src\UT2004_3369\Core\Inc\UnTemplate.h(1358,6):
      or       'INT FString::InStr(const TCHAR *,UBOOL) const'
          G:\VS_PROJECTS\UT2004src\UT2004_3369\Core\Src\Core.cpp(285,75):
          'INT FString::InStr(const TCHAR *,UBOOL) const': cannot convert argument 1 from 'const wchar_t [2]' to 'const TCHAR *'
              G:\VS_PROJECTS\UT2004src\UT2004_3369\Core\Src\Core.cpp(285,82):
              Types pointed to are unrelated; conversion requires reinterpret_cast, C-style cast or parenthesized function-style cast
      G:\VS_PROJECTS\UT2004src\UT2004_3369\Core\Src\Core.cpp(285,75):
      while trying to match the argument list '(const wchar_t [2], int)'
  
G:\VS_PROJECTS\UT2004src\UT2004_3369\Core\Src\Core.cpp(292,19): error C2664: 'INT appStrncmp(const TCHAR *,const TCHAR *,INT)': cannot convert argument 2 from 'const wchar_t [3]' to 'const TCHAR *'
      G:\VS_PROJECTS\UT2004src\UT2004_3369\Core\Src\Core.cpp(292,43):
      Types pointed to are unrelated; conversion requires reinterpret_cast, C-style cast or parenthesized function-style cast
      G:\VS_PROJECTS\UT2004src\UT2004_3369\Core\Inc\UnFile.h(442,14):
      see declaration of 'appStrncmp'
      G:\VS_PROJECTS\UT2004src\UT2004_3369\Core\Src\Core.cpp(292,19):
      while trying to match the argument list '(const TCHAR *, const wchar_t [3], int)'
  
G:\VS_PROJECTS\UT2004src\UT2004_3369\Core\Src\Core.cpp(292,70): error C2664: 'INT appStrncmp(const TCHAR *,const TCHAR *,INT)': cannot convert argument 2 from 'const wchar_t [3]' to 'const TCHAR *'
      G:\VS_PROJECTS\UT2004src\UT2004_3369\Core\Src\Core.cpp(292,94):
      Types pointed to are unrelated; conversion requires reinterpret_cast, C-style cast or parenthesized function-style cast
      G:\VS_PROJECTS\UT2004src\UT2004_3369\Core\Inc\UnFile.h(442,14):
      see declaration of 'appStrncmp'
      G:\VS_PROJECTS\UT2004src\UT2004_3369\Core\Src\Core.cpp(292,70):
      while trying to match the argument list '(const TCHAR *, const wchar_t [3], int)'
  
G:\VS_PROJECTS\UT2004src\UT2004_3369\Core\Src\Core.cpp(296,46): error C2110: '+': cannot add two pointers
G:\VS_PROJECTS\UT2004src\UT2004_3369\Core\Src\Core.cpp(308,1): error C2440: 'initializing': cannot convert from 'const wchar_t [5]' to 'TCHAR []'
      G:\VS_PROJECTS\UT2004src\UT2004_3369\Core\Src\Core.cpp(308,1):
      There is no context in which this conversion is possible
  
